Using pre-set license
Built from '2021.3/staging' branch; Version is '2021.3.7f1 (24e8595d6d43) revision 2418777'; Using compiler version '192829333'; Build Type 'Release'
OS: 'Windows 11  (10.0.22000) 64bit Professional' Language: 'en' Physical Memory: 32693 MB
BatchMode: 1, IsHumanControllingUs: 0, StartBugReporterOnCrash: 0, Is64bit: 1, IsPro: 1

COMMAND LINE ARGUMENTS:
C:\Program Files\Unity\Hub\Editor\2021.3.7f1\Editor\Unity.exe
-adb2
-batchMode
-noUpm
-name
AssetImportWorker2
-projectPath
E:/Games/GitHubE/Argon Assault
-logFile
Logs/AssetImportWorker2.log
-srvPort
54835
Successfully changed project path to: E:/Games/GitHubE/Argon Assault
E:/Games/GitHubE/Argon Assault
[UnityMemory] Configuration Parameters - Can be set up in boot.config
    "memorysetup-bucket-allocator-granularity=16"
    "memorysetup-bucket-allocator-bucket-count=8"
    "memorysetup-bucket-allocator-block-size=33554432"
    "memorysetup-bucket-allocator-block-count=8"
    "memorysetup-main-allocator-block-size=16777216"
    "memorysetup-thread-allocator-block-size=16777216"
    "memorysetup-gfx-main-allocator-block-size=16777216"
    "memorysetup-gfx-thread-allocator-block-size=16777216"
    "memorysetup-cache-allocator-block-size=4194304"
    "memorysetup-typetree-allocator-block-size=2097152"
    "memorysetup-profiler-bucket-allocator-granularity=16"
    "memorysetup-profiler-bucket-allocator-bucket-count=8"
    "memorysetup-profiler-bucket-allocator-block-size=33554432"
    "memorysetup-profiler-bucket-allocator-block-count=8"
    "memorysetup-profiler-allocator-block-size=16777216"
    "memorysetup-profiler-editor-allocator-block-size=1048576"
    "memorysetup-temp-allocator-size-main=16777216"
    "memorysetup-job-temp-allocator-block-size=2097152"
    "memorysetup-job-temp-allocator-block-size-background=1048576"
    "memorysetup-job-temp-allocator-reduction-small-platforms=262144"
    "memorysetup-temp-allocator-size-background-worker=32768"
    "memorysetup-temp-allocator-size-job-worker=262144"
    "memorysetup-temp-allocator-size-preload-manager=33554432"
    "memorysetup-temp-allocator-size-nav-mesh-worker=65536"
    "memorysetup-temp-allocator-size-audio-worker=65536"
    "memorysetup-temp-allocator-size-cloud-worker=32768"
    "memorysetup-temp-allocator-size-gi-baking-worker=262144"
    "memorysetup-temp-allocator-size-gfx=262144"
Refreshing native plugins compatible for Editor in 124.26 ms, found 3 plugins.
Preloading 0 native plugins for Editor in 0.00 ms.
Initialize engine version: 2021.3.7f1 (24e8595d6d43)
[Subsystems] Discovering subsystems at path C:/Program Files/Unity/Hub/Editor/2021.3.7f1/Editor/Data/Resources/UnitySubsystems
[Subsystems] Discovering subsystems at path E:/Games/GitHubE/Argon Assault/Assets
GfxDevice: creating device client; threaded=0; jobified=0
Direct3D:
    Version:  Direct3D 11.0 [level 11.1]
    Renderer: NVIDIA GeForce RTX 3080 (ID=0x2206)
    Vendor:   NVIDIA
    VRAM:     10078 MB
    Driver:   30.0.15.1277
Initialize mono
Mono path[0] = 'C:/Program Files/Unity/Hub/Editor/2021.3.7f1/Editor/Data/Managed'
Mono path[1] = 'C:/Program Files/Unity/Hub/Editor/2021.3.7f1/Editor/Data/MonoBleedingEdge/lib/mono/unityjit-win32'
Mono config path = 'C:/Program Files/Unity/Hub/Editor/2021.3.7f1/Editor/Data/MonoBleedingEdge/etc'
Using monoOptions --debugger-agent=transport=dt_socket,embedding=1,server=y,suspend=n,address=127.0.0.1:56244
Begin MonoManager ReloadAssembly
Registering precompiled unity dll's ...
Register platform support module: C:/Program Files/Unity/Hub/Editor/2021.3.7f1/Editor/Data/PlaybackEngines/WebGLSupport/UnityEditor.WebGL.Extensions.dll
Register platform support module: C:/Program Files/Unity/Hub/Editor/2021.3.7f1/Editor/Data/PlaybackEngines/WindowsStandaloneSupport/UnityEditor.WindowsStandalone.Extensions.dll
Registered in 0.005117 seconds.
Native extension for WindowsStandalone target not found
Native extension for WebGL target not found
Refreshing native plugins compatible for Editor in 120.81 ms, found 3 plugins.
Preloading 0 native plugins for Editor in 0.00 ms.
Mono: successfully reloaded assembly
- Completed reload, in  0.484 seconds
Domain Reload Profiling:
	ReloadAssembly (484ms)
		BeginReloadAssembly (44ms)
			ExecutionOrderSort (0ms)
			DisableScriptedObjects (0ms)
			BackupInstance (0ms)
			ReleaseScriptingObjects (0ms)
			CreateAndSetChildDomain (0ms)
		EndReloadAssembly (361ms)
			LoadAssemblies (43ms)
			RebuildTransferFunctionScriptingTraits (0ms)
			SetupTypeCache (63ms)
			ReleaseScriptCaches (0ms)
			RebuildScriptCaches (17ms)
			SetupLoadedEditorAssemblies (247ms)
				LogAssemblyErrors (0ms)
				InitializePlatformSupportModulesInManaged (6ms)
				SetLoadedEditorAssemblies (0ms)
				RefreshPlugins (121ms)
				BeforeProcessingInitializeOnLoad (1ms)
				ProcessInitializeOnLoadAttributes (87ms)
				ProcessInitializeOnLoadMethodAttributes (32ms)
				AfterProcessingInitializeOnLoad (0ms)
				EditorAssembliesLoaded (0ms)
			ExecutionOrderSort2 (0ms)
			AwakeInstancesAfterBackupRestoration (0ms)
Platform modules already initialized, skipping
Registering precompiled user dll's ...
Registered in 0.003279 seconds.
Begin MonoManager ReloadAssembly
Symbol file LoadedFromMemory doesn't match image E:\Games\GitHubE\Argon Assault\Library\PackageCache\com.unity.visualscripting@1.7.8\Editor\VisualScripting.Core\Dependencies\YamlDotNet\Unity.VisualScripting.YamlDotNet.dll
Symbol file LoadedFromMemory doesn't match image E:\Games\GitHubE\Argon Assault\Library\PackageCache\com.unity.visualscripting@1.7.8\Editor\VisualScripting.Core\Dependencies\DotNetZip\Unity.VisualScripting.IonicZip.dll
Native extension for WindowsStandalone target not found
Native extension for WebGL target not found
Refreshing native plugins compatible for Editor in 106.42 ms, found 3 plugins.
Preloading 0 native plugins for Editor in 0.00 ms.
Mono: successfully reloaded assembly
- Completed reload, in  1.042 seconds
Domain Reload Profiling:
	ReloadAssembly (1043ms)
		BeginReloadAssembly (73ms)
			ExecutionOrderSort (0ms)
			DisableScriptedObjects (4ms)
			BackupInstance (0ms)
			ReleaseScriptingObjects (0ms)
			CreateAndSetChildDomain (14ms)
		EndReloadAssembly (888ms)
			LoadAssemblies (61ms)
			RebuildTransferFunctionScriptingTraits (0ms)
			SetupTypeCache (223ms)
			ReleaseScriptCaches (1ms)
			RebuildScriptCaches (58ms)
			SetupLoadedEditorAssemblies (514ms)
				LogAssemblyErrors (0ms)
				InitializePlatformSupportModulesInManaged (3ms)
				SetLoadedEditorAssemblies (0ms)
				RefreshPlugins (106ms)
				BeforeProcessingInitializeOnLoad (105ms)
				ProcessInitializeOnLoadAttributes (269ms)
				ProcessInitializeOnLoadMethodAttributes (26ms)
				AfterProcessingInitializeOnLoad (4ms)
				EditorAssembliesLoaded (0ms)
			ExecutionOrderSort2 (0ms)
			AwakeInstancesAfterBackupRestoration (4ms)
Platform modules already initialized, skipping
========================================================================
Worker process is ready to serve import requests
Launched and connected shader compiler UnityShaderCompiler.exe after 0.02 seconds
Refreshing native plugins compatible for Editor in 1.03 ms, found 3 plugins.
Preloading 0 native plugins for Editor in 0.00 ms.
Unloading 6786 Unused Serialized files (Serialized files now loaded: 0)
Unloading 168 unused Assets / (13.1 MB). Loaded Objects now: 7155.
Memory consumption went from 324.0 MB to 311.0 MB.
Total: 4.719000 ms (FindLiveObjects: 0.352800 ms CreateObjectMapping: 0.173300 ms MarkObjects: 2.496800 ms  DeleteObjects: 1.695500 ms)

AssetImportParameters requested are different than current active one (requested -> active):
  custom:video-decoder-ogg-theora: a1e56fd34408186e4bbccfd4996cb3dc -> 
  custom:container-muxer-webm: aa71ff27fc2769a1b78a27578f13a17b -> 
  custom:container-demuxer-webm: 4f35f7cbe854078d1ac9338744f61a02 -> 
  custom:video-encoder-webm-vp8: eb34c28f22e8b96e1ab97ce403110664 -> 
  custom:audio-encoder-webm-vorbis: bf7c407c2cedff20999df2af8eb42d56 -> 
  custom:framework-win-MediaFoundation: 216162199b28c13a410421893ffa2e32 -> 
  custom:container-demuxer-ogg: 62fdf1f143b41e24485cea50d1cbac27 -> 
  custom:video-decoder-webm-vp8: 9c59270c3fd7afecdb556c50c9e8de78 -> 
  custom:audio-decoder-ogg-vorbis: bf7c407c2cedff20999df2af8eb42d56 -> 
========================================================================
Received Import Request.
  Time since last request: 865060.016396 seconds.
  path: Assets/Prefabs/StarSparrow1.prefab
  artifactKey: Guid(04885cd19151ac449888016bbd3f419e) Importer(815301076,1909f56bfc062723c751e8b465ee728b)
Start importing Assets/Prefabs/StarSparrow1.prefab using Guid(04885cd19151ac449888016bbd3f419e) Importer(815301076,1909f56bfc062723c751e8b465ee728b)  -> (artifact id: '7c295c2cd7fdb2ba6fe9c8275d323c17') in 0.310607 seconds 
========================================================================
Received Import Request.
  Time since last request: 20.004932 seconds.
  path: Assets/Prefabs/Laser.prefab
  artifactKey: Guid(1f3a3c21a4e659443b754bae80bae6d4) Importer(815301076,1909f56bfc062723c751e8b465ee728b)
Start importing Assets/Prefabs/Laser.prefab using Guid(1f3a3c21a4e659443b754bae80bae6d4) Importer(815301076,1909f56bfc062723c751e8b465ee728b)  -> (artifact id: 'b58034d7caa74805d1d78787558521c2') in 0.013500 seconds 
========================================================================
Received Import Request.
  Time since last request: 26.513031 seconds.
  path: Assets/Prefabs/PlayerRig.prefab
  artifactKey: Guid(d63c20b637d2d834ebe455705777ff9b) Importer(815301076,1909f56bfc062723c751e8b465ee728b)
Start importing Assets/Prefabs/PlayerRig.prefab using Guid(d63c20b637d2d834ebe455705777ff9b) Importer(815301076,1909f56bfc062723c751e8b465ee728b)  -> (artifact id: '0c324f23e20e5f888e3c6212d9f205f2') in 0.065317 seconds 
========================================================================
Received Import Request.
  Time since last request: 65.436521 seconds.
  path: Assets/Prefabs/PlayerRig.prefab
  artifactKey: Guid(d63c20b637d2d834ebe455705777ff9b) Importer(815301076,1909f56bfc062723c751e8b465ee728b)
Start importing Assets/Prefabs/PlayerRig.prefab using Guid(d63c20b637d2d834ebe455705777ff9b) Importer(815301076,1909f56bfc062723c751e8b465ee728b)  -> (artifact id: 'e6fb46e65ad1da76f186b72f78e9c1f8') in 0.068025 seconds 
========================================================================
Received Import Request.
  Time since last request: 219.577273 seconds.
  path: Assets/Prefabs/Laser.prefab
  artifactKey: Guid(1f3a3c21a4e659443b754bae80bae6d4) Importer(815301076,1909f56bfc062723c751e8b465ee728b)
Start importing Assets/Prefabs/Laser.prefab using Guid(1f3a3c21a4e659443b754bae80bae6d4) Importer(815301076,1909f56bfc062723c751e8b465ee728b)  -> (artifact id: '0793674a272d8a8355c9bbc566e6f7cf') in 0.011281 seconds 
========================================================================
Received Import Request.
  Time since last request: 237.613483 seconds.
  path: Assets/Prefabs/PlayerRig.prefab
  artifactKey: Guid(d63c20b637d2d834ebe455705777ff9b) Importer(815301076,1909f56bfc062723c751e8b465ee728b)
Start importing Assets/Prefabs/PlayerRig.prefab using Guid(d63c20b637d2d834ebe455705777ff9b) Importer(815301076,1909f56bfc062723c751e8b465ee728b)  -> (artifact id: 'b3f79b43d3d248f9bbfde7a22cab7b29') in 0.014604 seconds 
========================================================================
Received Import Request.
  Time since last request: 66.214085 seconds.
  path: Assets/Prefabs/Laser.prefab
  artifactKey: Guid(1f3a3c21a4e659443b754bae80bae6d4) Importer(815301076,1909f56bfc062723c751e8b465ee728b)
Start importing Assets/Prefabs/Laser.prefab using Guid(1f3a3c21a4e659443b754bae80bae6d4) Importer(815301076,1909f56bfc062723c751e8b465ee728b)  -> (artifact id: '70b35d4361bedab7edc3aed5d09e395e') in 0.016236 seconds 
========================================================================
Received Import Request.
  Time since last request: 44.143896 seconds.
  path: Assets/Prefabs/PlayerRig.prefab
  artifactKey: Guid(d63c20b637d2d834ebe455705777ff9b) Importer(815301076,1909f56bfc062723c751e8b465ee728b)
Start importing Assets/Prefabs/PlayerRig.prefab using Guid(d63c20b637d2d834ebe455705777ff9b) Importer(815301076,1909f56bfc062723c751e8b465ee728b)  -> (artifact id: 'e9f7dcfa6c17ab4a684602ec819bd842') in 0.016890 seconds 
========================================================================
Received Import Request.
  Time since last request: 115.009343 seconds.
  path: Assets/Prefabs/PlayerRig.prefab
  artifactKey: Guid(d63c20b637d2d834ebe455705777ff9b) Importer(815301076,1909f56bfc062723c751e8b465ee728b)
Start importing Assets/Prefabs/PlayerRig.prefab using Guid(d63c20b637d2d834ebe455705777ff9b) Importer(815301076,1909f56bfc062723c751e8b465ee728b)  -> (artifact id: '89050116bb69d9e19faa538abdefbb76') in 0.014164 seconds 
========================================================================
Received Import Request.
  Time since last request: 2.252975 seconds.
  path: Assets/Prefabs/PlayerRig.prefab
  artifactKey: Guid(d63c20b637d2d834ebe455705777ff9b) Importer(815301076,1909f56bfc062723c751e8b465ee728b)
Start importing Assets/Prefabs/PlayerRig.prefab using Guid(d63c20b637d2d834ebe455705777ff9b) Importer(815301076,1909f56bfc062723c751e8b465ee728b)  -> (artifact id: '9379a1f926922274b3da9a580f0f484f') in 0.014545 seconds 
========================================================================
Received Import Request.
  Time since last request: 0.788824 seconds.
  path: Assets/Prefabs/PlayerRig.prefab
  artifactKey: Guid(d63c20b637d2d834ebe455705777ff9b) Importer(815301076,1909f56bfc062723c751e8b465ee728b)
Start importing Assets/Prefabs/PlayerRig.prefab using Guid(d63c20b637d2d834ebe455705777ff9b) Importer(815301076,1909f56bfc062723c751e8b465ee728b)  -> (artifact id: '1ed3293007a485b16457cc11636edd9c') in 0.014538 seconds 
========================================================================
Received Import Request.
  Time since last request: 1.192085 seconds.
  path: Assets/Prefabs/PlayerRig.prefab
  artifactKey: Guid(d63c20b637d2d834ebe455705777ff9b) Importer(815301076,1909f56bfc062723c751e8b465ee728b)
Start importing Assets/Prefabs/PlayerRig.prefab using Guid(d63c20b637d2d834ebe455705777ff9b) Importer(815301076,1909f56bfc062723c751e8b465ee728b)  -> (artifact id: '6fae7f9b7a869a2b406dd5145e20d151') in 0.014165 seconds 
