Using pre-set license
Built from '2021.3/staging' branch; Version is '2021.3.7f1 (24e8595d6d43) revision 2418777'; Using compiler version '192829333'; Build Type 'Release'
OS: 'Windows 11  (10.0.22000) 64bit Professional' Language: 'en' Physical Memory: 32693 MB
BatchMode: 1, IsHumanControllingUs: 0, StartBugReporterOnCrash: 0, Is64bit: 1, IsPro: 1

COMMAND LINE ARGUMENTS:
C:\Program Files\Unity\Hub\Editor\2021.3.7f1\Editor\Unity.exe
-adb2
-batchMode
-noUpm
-name
AssetImportWorker7
-projectPath
E:/Games/GitHubE/TileVania
-logFile
Logs/AssetImportWorker7.log
-srvPort
57993
Successfully changed project path to: E:/Games/GitHubE/TileVania
E:/Games/GitHubE/TileVania
[UnityMemory] Configuration Parameters - Can be set up in boot.config
    "memorysetup-bucket-allocator-granularity=16"
    "memorysetup-bucket-allocator-bucket-count=8"
    "memorysetup-bucket-allocator-block-size=33554432"
    "memorysetup-bucket-allocator-block-count=8"
    "memorysetup-main-allocator-block-size=16777216"
    "memorysetup-thread-allocator-block-size=16777216"
    "memorysetup-gfx-main-allocator-block-size=16777216"
    "memorysetup-gfx-thread-allocator-block-size=16777216"
    "memorysetup-cache-allocator-block-size=4194304"
    "memorysetup-typetree-allocator-block-size=2097152"
    "memorysetup-profiler-bucket-allocator-granularity=16"
    "memorysetup-profiler-bucket-allocator-bucket-count=8"
    "memorysetup-profiler-bucket-allocator-block-size=33554432"
    "memorysetup-profiler-bucket-allocator-block-count=8"
    "memorysetup-profiler-allocator-block-size=16777216"
    "memorysetup-profiler-editor-allocator-block-size=1048576"
    "memorysetup-temp-allocator-size-main=16777216"
    "memorysetup-job-temp-allocator-block-size=2097152"
    "memorysetup-job-temp-allocator-block-size-background=1048576"
    "memorysetup-job-temp-allocator-reduction-small-platforms=262144"
    "memorysetup-temp-allocator-size-background-worker=32768"
    "memorysetup-temp-allocator-size-job-worker=262144"
    "memorysetup-temp-allocator-size-preload-manager=33554432"
    "memorysetup-temp-allocator-size-nav-mesh-worker=65536"
    "memorysetup-temp-allocator-size-audio-worker=65536"
    "memorysetup-temp-allocator-size-cloud-worker=32768"
    "memorysetup-temp-allocator-size-gi-baking-worker=262144"
    "memorysetup-temp-allocator-size-gfx=262144"
Refreshing native plugins compatible for Editor in 71.05 ms, found 4 plugins.
Preloading 0 native plugins for Editor in 0.00 ms.
Initialize engine version: 2021.3.7f1 (24e8595d6d43)
[Subsystems] Discovering subsystems at path C:/Program Files/Unity/Hub/Editor/2021.3.7f1/Editor/Data/Resources/UnitySubsystems
[Subsystems] Discovering subsystems at path E:/Games/GitHubE/TileVania/Assets
GfxDevice: creating device client; threaded=0; jobified=0
Direct3D:
    Version:  Direct3D 11.0 [level 11.1]
    Renderer: NVIDIA GeForce RTX 3080 (ID=0x2206)
    Vendor:   NVIDIA
    VRAM:     10078 MB
    Driver:   31.0.15.1694
Initialize mono
Mono path[0] = 'C:/Program Files/Unity/Hub/Editor/2021.3.7f1/Editor/Data/Managed'
Mono path[1] = 'C:/Program Files/Unity/Hub/Editor/2021.3.7f1/Editor/Data/MonoBleedingEdge/lib/mono/unityjit-win32'
Mono config path = 'C:/Program Files/Unity/Hub/Editor/2021.3.7f1/Editor/Data/MonoBleedingEdge/etc'
Using monoOptions --debugger-agent=transport=dt_socket,embedding=1,server=y,suspend=n,address=127.0.0.1:56776
Begin MonoManager ReloadAssembly
Registering precompiled unity dll's ...
Register platform support module: C:/Program Files/Unity/Hub/Editor/2021.3.7f1/Editor/Data/PlaybackEngines/WebGLSupport/UnityEditor.WebGL.Extensions.dll
Register platform support module: C:/Program Files/Unity/Hub/Editor/2021.3.7f1/Editor/Data/PlaybackEngines/WindowsStandaloneSupport/UnityEditor.WindowsStandalone.Extensions.dll
Registered in 0.003644 seconds.
Native extension for WindowsStandalone target not found
Native extension for WebGL target not found
Refreshing native plugins compatible for Editor in 112.03 ms, found 4 plugins.
Preloading 0 native plugins for Editor in 0.00 ms.
Mono: successfully reloaded assembly
- Completed reload, in  0.594 seconds
Domain Reload Profiling:
	ReloadAssembly (595ms)
		BeginReloadAssembly (55ms)
			ExecutionOrderSort (0ms)
			DisableScriptedObjects (0ms)
			BackupInstance (0ms)
			ReleaseScriptingObjects (0ms)
			CreateAndSetChildDomain (1ms)
		EndReloadAssembly (454ms)
			LoadAssemblies (53ms)
			RebuildTransferFunctionScriptingTraits (0ms)
			SetupTypeCache (80ms)
			ReleaseScriptCaches (0ms)
			RebuildScriptCaches (37ms)
			SetupLoadedEditorAssemblies (288ms)
				LogAssemblyErrors (0ms)
				InitializePlatformSupportModulesInManaged (10ms)
				SetLoadedEditorAssemblies (0ms)
				RefreshPlugins (112ms)
				BeforeProcessingInitializeOnLoad (1ms)
				ProcessInitializeOnLoadAttributes (122ms)
				ProcessInitializeOnLoadMethodAttributes (42ms)
				AfterProcessingInitializeOnLoad (0ms)
				EditorAssembliesLoaded (0ms)
			ExecutionOrderSort2 (0ms)
			AwakeInstancesAfterBackupRestoration (0ms)
Platform modules already initialized, skipping
Registering precompiled user dll's ...
Registered in 0.004533 seconds.
Begin MonoManager ReloadAssembly
Symbol file LoadedFromMemory doesn't match image E:\Games\GitHubE\TileVania\Library\PackageCache\com.unity.visualscripting@1.7.8\Editor\VisualScripting.Core\Dependencies\YamlDotNet\Unity.VisualScripting.YamlDotNet.dll
Symbol file LoadedFromMemory doesn't match image E:\Games\GitHubE\TileVania\Library\PackageCache\com.unity.visualscripting@1.7.8\Editor\VisualScripting.Core\Dependencies\DotNetZip\Unity.VisualScripting.IonicZip.dll
Native extension for WindowsStandalone target not found
Native extension for WebGL target not found
Refreshing native plugins compatible for Editor in 79.83 ms, found 4 plugins.
Preloading 0 native plugins for Editor in 0.00 ms.
Mono: successfully reloaded assembly
- Completed reload, in  2.336 seconds
Domain Reload Profiling:
	ReloadAssembly (2337ms)
		BeginReloadAssembly (77ms)
			ExecutionOrderSort (0ms)
			DisableScriptedObjects (4ms)
			BackupInstance (0ms)
			ReleaseScriptingObjects (0ms)
			CreateAndSetChildDomain (16ms)
		EndReloadAssembly (2106ms)
			LoadAssemblies (1429ms)
			RebuildTransferFunctionScriptingTraits (0ms)
			SetupTypeCache (179ms)
			ReleaseScriptCaches (1ms)
			RebuildScriptCaches (50ms)
			SetupLoadedEditorAssemblies (397ms)
				LogAssemblyErrors (0ms)
				InitializePlatformSupportModulesInManaged (5ms)
				SetLoadedEditorAssemblies (0ms)
				RefreshPlugins (80ms)
				BeforeProcessingInitializeOnLoad (75ms)
				ProcessInitializeOnLoadAttributes (193ms)
				ProcessInitializeOnLoadMethodAttributes (39ms)
				AfterProcessingInitializeOnLoad (4ms)
				EditorAssembliesLoaded (0ms)
			ExecutionOrderSort2 (0ms)
			AwakeInstancesAfterBackupRestoration (4ms)
Platform modules already initialized, skipping
========================================================================
Worker process is ready to serve import requests
Launched and connected shader compiler UnityShaderCompiler.exe after 0.03 seconds
Refreshing native plugins compatible for Editor in 0.76 ms, found 4 plugins.
Preloading 0 native plugins for Editor in 0.00 ms.
Unloading 4066 Unused Serialized files (Serialized files now loaded: 0)
Unloading 44 unused Assets / (222.9 KB). Loaded Objects now: 4516.
Memory consumption went from 151.3 MB to 151.1 MB.
Total: 3.317200 ms (FindLiveObjects: 0.313000 ms CreateObjectMapping: 0.099000 ms MarkObjects: 2.736000 ms  DeleteObjects: 0.168600 ms)

AssetImportParameters requested are different than current active one (requested -> active):
  custom:video-decoder-ogg-theora: a1e56fd34408186e4bbccfd4996cb3dc -> 
  custom:container-muxer-webm: aa71ff27fc2769a1b78a27578f13a17b -> 
  custom:container-demuxer-webm: 4f35f7cbe854078d1ac9338744f61a02 -> 
  custom:video-encoder-webm-vp8: eb34c28f22e8b96e1ab97ce403110664 -> 
  custom:audio-encoder-webm-vorbis: bf7c407c2cedff20999df2af8eb42d56 -> 
  custom:framework-win-MediaFoundation: 216162199b28c13a410421893ffa2e32 -> 
  custom:container-demuxer-ogg: 62fdf1f143b41e24485cea50d1cbac27 -> 
  custom:video-decoder-webm-vp8: 9c59270c3fd7afecdb556c50c9e8de78 -> 
  custom:audio-decoder-ogg-vorbis: bf7c407c2cedff20999df2af8eb42d56 -> 
========================================================================
Received Import Request.
  Time since last request: 75649.565391 seconds.
  path: Assets/Tiles/Rect/SPA_Background brown tint_0.asset
  artifactKey: Guid(beaff66ec79725742863b163cfab8747) Importer(815301076,1909f56bfc062723c751e8b465ee728b)
Start importing Assets/Tiles/Rect/SPA_Background brown tint_0.asset using Guid(beaff66ec79725742863b163cfab8747) Importer(815301076,1909f56bfc062723c751e8b465ee728b)  -> (artifact id: '4d9e9408ccfd54311478febc2661bef1') in 0.185412 seconds 
========================================================================
Received Import Request.
  Time since last request: 0.000023 seconds.
  path: Assets/Tiles/Rect/SPA_Background brown tint_15.asset
  artifactKey: Guid(ef8b3b5ba7926f8419ecde4558c86f7f) Importer(815301076,1909f56bfc062723c751e8b465ee728b)
Start importing Assets/Tiles/Rect/SPA_Background brown tint_15.asset using Guid(ef8b3b5ba7926f8419ecde4558c86f7f) Importer(815301076,1909f56bfc062723c751e8b465ee728b)  -> (artifact id: '15b7a1730ff24d594069e9870d0dea0d') in 0.008309 seconds 
========================================================================
Received Import Request.
  Time since last request: 0.000029 seconds.
  path: Assets/Tiles/Rect/SPA_Background brown tint_4.asset
  artifactKey: Guid(7dcac2874a840754f804eaad6a72c386) Importer(815301076,1909f56bfc062723c751e8b465ee728b)
Start importing Assets/Tiles/Rect/SPA_Background brown tint_4.asset using Guid(7dcac2874a840754f804eaad6a72c386) Importer(815301076,1909f56bfc062723c751e8b465ee728b)  -> (artifact id: '92f93263e71a09a19385dbf14a67276a') in 0.008150 seconds 
========================================================================
Received Import Request.
  Time since last request: 0.000015 seconds.
  path: Assets/Tiles/Rect/SPA_Background brown tint_10.asset
  artifactKey: Guid(bc6967998e374e14688d3db891cfa58a) Importer(815301076,1909f56bfc062723c751e8b465ee728b)
Start importing Assets/Tiles/Rect/SPA_Background brown tint_10.asset using Guid(bc6967998e374e14688d3db891cfa58a) Importer(815301076,1909f56bfc062723c751e8b465ee728b)  -> (artifact id: '36ed6f1640d359d5ca8709adf4150e34') in 0.008106 seconds 
========================================================================
Received Import Request.
  Time since last request: 0.000019 seconds.
  path: Assets/Tiles/Rect/SPA_Background brown tint_13.asset
  artifactKey: Guid(21c6a13cbe4c93c4e96d169cc57e2278) Importer(815301076,1909f56bfc062723c751e8b465ee728b)
Start importing Assets/Tiles/Rect/SPA_Background brown tint_13.asset using Guid(21c6a13cbe4c93c4e96d169cc57e2278) Importer(815301076,1909f56bfc062723c751e8b465ee728b)  -> (artifact id: '3f5561bfbfc521151a6517671f096983') in 0.006526 seconds 
========================================================================
Received Import Request.
  Time since last request: 0.000014 seconds.
  path: Assets/Tiles/Rect/SPA_Background brown tint_14.asset
  artifactKey: Guid(097163e1385c1d24dbd45a084786aa2f) Importer(815301076,1909f56bfc062723c751e8b465ee728b)
Start importing Assets/Tiles/Rect/SPA_Background brown tint_14.asset using Guid(097163e1385c1d24dbd45a084786aa2f) Importer(815301076,1909f56bfc062723c751e8b465ee728b)  -> (artifact id: '4559f1a183d5bf009fc937f78d41964c') in 0.006735 seconds 
========================================================================
Received Import Request.
  Time since last request: 0.000017 seconds.
  path: Assets/Tiles/Rect/SPA_Background brown tint_12.asset
  artifactKey: Guid(ee56bf97011168b44afd58ba396c4bb0) Importer(815301076,1909f56bfc062723c751e8b465ee728b)
Start importing Assets/Tiles/Rect/SPA_Background brown tint_12.asset using Guid(ee56bf97011168b44afd58ba396c4bb0) Importer(815301076,1909f56bfc062723c751e8b465ee728b)  -> (artifact id: '134e2bc40c8dd9d8280293c7f2bfd330') in 0.012307 seconds 
========================================================================
Received Import Request.
  Time since last request: 0.000017 seconds.
  path: Assets/Tiles/Rect/SPA_Background brown tint_6.asset
  artifactKey: Guid(0a29d0a84699c774999b22df7553eeae) Importer(815301076,1909f56bfc062723c751e8b465ee728b)
Start importing Assets/Tiles/Rect/SPA_Background brown tint_6.asset using Guid(0a29d0a84699c774999b22df7553eeae) Importer(815301076,1909f56bfc062723c751e8b465ee728b)  -> (artifact id: '833a2f60011e429cf58581663b3ce38e') in 0.007105 seconds 
========================================================================
Received Import Request.
  Time since last request: 0.000025 seconds.
  path: Assets/Tiles/Rect/SPA_Background brown tint_2.asset
  artifactKey: Guid(3c1406c77648a7948b848f2347d882d1) Importer(815301076,1909f56bfc062723c751e8b465ee728b)
Start importing Assets/Tiles/Rect/SPA_Background brown tint_2.asset using Guid(3c1406c77648a7948b848f2347d882d1) Importer(815301076,1909f56bfc062723c751e8b465ee728b)  -> (artifact id: 'ba7e1eee24c779450e7ee588b6b7523a') in 0.007095 seconds 
========================================================================
Received Import Request.
  Time since last request: 0.000016 seconds.
  path: Assets/Tiles/Rect/SPA_Background brown tint_11.asset
  artifactKey: Guid(ef7535d86855c6b4ebb8ababf8986fc2) Importer(815301076,1909f56bfc062723c751e8b465ee728b)
Start importing Assets/Tiles/Rect/SPA_Background brown tint_11.asset using Guid(ef7535d86855c6b4ebb8ababf8986fc2) Importer(815301076,1909f56bfc062723c751e8b465ee728b)  -> (artifact id: '97a3dad0c9d774dd866694653938f968') in 0.007699 seconds 
========================================================================
Received Import Request.
  Time since last request: 0.000017 seconds.
  path: Assets/Tiles/Rect/SPA_Background brown tint_1.asset
  artifactKey: Guid(1d892184f6d013242a506c6d59bbe9db) Importer(815301076,1909f56bfc062723c751e8b465ee728b)
Start importing Assets/Tiles/Rect/SPA_Background brown tint_1.asset using Guid(1d892184f6d013242a506c6d59bbe9db) Importer(815301076,1909f56bfc062723c751e8b465ee728b)  -> (artifact id: '5c016fc0bf94e224c8cc9135f6f1f24a') in 0.007628 seconds 
========================================================================
Received Import Request.
  Time since last request: 0.000014 seconds.
  path: Assets/Tiles/Rect/SPA_Background brown tint_7.asset
  artifactKey: Guid(11292f981f83c69448535d6e3e22abfd) Importer(815301076,1909f56bfc062723c751e8b465ee728b)
Start importing Assets/Tiles/Rect/SPA_Background brown tint_7.asset using Guid(11292f981f83c69448535d6e3e22abfd) Importer(815301076,1909f56bfc062723c751e8b465ee728b)  -> (artifact id: 'b5e403ffc5b0280162fd17ba49393ea2') in 0.008307 seconds 
========================================================================
Received Import Request.
  Time since last request: 0.000017 seconds.
  path: Assets/Tiles/Rect/SPA_Background brown tint_9.asset
  artifactKey: Guid(00617cdec3bfe624f9fd448553139220) Importer(815301076,1909f56bfc062723c751e8b465ee728b)
Start importing Assets/Tiles/Rect/SPA_Background brown tint_9.asset using Guid(00617cdec3bfe624f9fd448553139220) Importer(815301076,1909f56bfc062723c751e8b465ee728b)  -> (artifact id: 'd625a720f0927064220d06dbf1a2322e') in 0.010514 seconds 
========================================================================
Received Import Request.
  Time since last request: 0.000016 seconds.
  path: Assets/Tiles/Rect/SPA_Background brown tint_3.asset
  artifactKey: Guid(60115437a9cbe014da474a2cb8918949) Importer(815301076,1909f56bfc062723c751e8b465ee728b)
Start importing Assets/Tiles/Rect/SPA_Background brown tint_3.asset using Guid(60115437a9cbe014da474a2cb8918949) Importer(815301076,1909f56bfc062723c751e8b465ee728b)  -> (artifact id: 'd35e802ed26778ea4bdae867698e5455') in 0.092360 seconds 
========================================================================
Received Import Request.
  Time since last request: 0.000016 seconds.
  path: Assets/Tiles/Rect/SPA_Background brown tint_5.asset
  artifactKey: Guid(c647ec85dc79a634080837e19aebed94) Importer(815301076,1909f56bfc062723c751e8b465ee728b)
Start importing Assets/Tiles/Rect/SPA_Background brown tint_5.asset using Guid(c647ec85dc79a634080837e19aebed94) Importer(815301076,1909f56bfc062723c751e8b465ee728b)  -> (artifact id: 'c47e3878d0c73de6d516451558866d18') in 0.007610 seconds 
Editor requested this worker to shutdown with reason: Scaling down because of idle timeout
AssetImportWorker is now disconnected from the server
Process exiting
Exiting without the bug reporter. Application will terminate with return code 0